<?xml version="1.0" encoding="utf-8"?>
<coverage line-rate="1" branch-rate="1" version="1.9" timestamp="1676032729" lines-covered="3" lines-valid="3" branches-covered="0" branches-valid="0">
  <sources>
    <source>/</source>
  </sources>
  <packages>
    <package name="CodeExample" line-rate="1" branch-rate="1" complexity="1">
      <classes>
        <class name="CodeExample.Calculator" filename="Users/rodrigo.sedano/Desktop/Repos/WorkshopUnitTests/CodeExample/Calculator.cs" line-rate="1" branch-rate="1" complexity="1">
          <methods>
            <method name="add" signature="(System.Int32,System.Int32)" line-rate="1" branch-rate="1" complexity="1">
              <lines>
                <line number="5" hits="2" branch="False" />
                <line number="6" hits="2" branch="False" />
                <line number="8" hits="2" branch="False" />
              </lines>
            </method>
          </methods>
          <lines>
            <line number="5" hits="2" branch="False" />
            <line number="6" hits="2" branch="False" />
            <line number="8" hits="2" branch="False" />
          </lines>
        </class>
      </classes>
    </package>
  </packages>
</coverage>